<?xml version="1.0" encoding="UTF-8"?>
<testsuite xmlns:xsi="http://www.w3.org/2001/XMLSchema-instance" xsi:noNamespaceSchemaLocation="https://maven.apache.org/surefire/maven-surefire-plugin/xsd/surefire-test-report-3.0.xsd" version="3.0" name="org.invenio.keycloak.gravatar.GravatarPictureProtocolMapperTest" time="0.011" tests="2" errors="0" skipped="0" failures="0">
  <properties>
[...]
</properties>
  <testcase name="gravatarUrl_isComputedFromNormalizedEmail" classname="org.invenio.keycloak.gravatar.GravatarPictureProtocolMapperTest" time="0.011"/>
  <testcase name="gravatarUrl_nullForMissingEmail" classname="org.invenio.keycloak.gravatar.GravatarPictureProtocolMapperTest" time="0.0"/>
</testsuite>